{"uuid":"7f6a76e9-c701-4b9d-a82e-997dc8c1bc5e","historyId":"33e69db7ff60db38a00b55df86e8e2a6","fullName":"Login functionality: User login with invalid credential or blank credential","labels":[{"name":"tag","value":"loginFunc"},{"name":"tag","value":"InvalidLogin"},{"name":"host","value":"LAPTOP-CQL946G0"},{"name":"thread","value":"16868@LAPTOP-CQL946G0.main(1)"},{"name":"feature","value":"Login functionality"},{"name":"story","value":"User login with invalid credential or blank credential"},{"name":"suite","value":"Login functionality"},{"name":"testClass","value":"User login with invalid credential or blank credential"},{"name":"framework","value":"cucumber4jvm"},{"name":"language","value":"java"},{"name":"gherkin_uri","value":"file:///D:/Softwares/karimun/CerebrumInfotechSeasiaProject/src/test/resources/FeatureFiles/login.feature"},{"name":"package","value":"src.test.resources.FeatureFiles.login_feature.Login functionality"}],"links":[],"name":"User login with invalid credential or blank credential","status":"broken","statusDetails":{"known":false,"muted":false,"flaky":false,"message":"Returned value cannot be converted to WebElement: {error=invalid session id, message=invalid session id, stacktrace=Backtrace:\n\tOrdinal0 [0x00F53AB3+2505395]\n\tOrdinal0 [0x00EEAE41+2076225]\n\tOrdinal0 [0x00DF2360+1057632]\n\tOrdinal0 [0x00E11ED0+1187536]\n\tOrdinal0 [0x00E35967+1333607]\n\tOrdinal0 [0x00E339FA+1325562]\n\tOrdinal0 [0x00E335BF+1324479]\n\tOrdinal0 [0x00DD4FCF+937935]\n\tOrdinal0 [0x00DD54E6+939238]\n\tOrdinal0 [0x00DD5811+940049]\n\tGetHandleVerifier [0x010DCB36+1554566]\n\tGetHandleVerifier [0x01184A0C+2242396]\n\tGetHandleVerifier [0x00FE0E0B+523099]\n\tGetHandleVerifier [0x00FDFEB0+519168]\n\tOrdinal0 [0x00EF02FD+2097917]\n\tOrdinal0 [0x00DD4D5E+937310]\n\tOrdinal0 [0x00DD4872+936050]\n\tGetHandleVerifier [0x011A95BC+2392844]\n\tBaseThreadInitThunk [0x75F138F4+36]\n\tRtlUnicodeStringToInteger [0x771D5E13+595]\n\tRtlUnicodeStringToInteger [0x771D5DDE+542]\n}\nBuild info: version: '3.141.59', revision: 'e82be7d358', time: '2018-11-14T08:17:03'\nSystem info: host: 'LAPTOP-CQL946G0', ip: '192.168.0.6', os.name: 'Windows 10', os.arch: 'amd64', os.version: '10.0', java.version: '1.8.0_251'\nDriver info: driver.version: RemoteWebDriver","trace":"org.openqa.selenium.WebDriverException: Returned value cannot be converted to WebElement: {error=invalid session id, message=invalid session id, stacktrace=Backtrace:\n\tOrdinal0 [0x00F53AB3+2505395]\n\tOrdinal0 [0x00EEAE41+2076225]\n\tOrdinal0 [0x00DF2360+1057632]\n\tOrdinal0 [0x00E11ED0+1187536]\n\tOrdinal0 [0x00E35967+1333607]\n\tOrdinal0 [0x00E339FA+1325562]\n\tOrdinal0 [0x00E335BF+1324479]\n\tOrdinal0 [0x00DD4FCF+937935]\n\tOrdinal0 [0x00DD54E6+939238]\n\tOrdinal0 [0x00DD5811+940049]\n\tGetHandleVerifier [0x010DCB36+1554566]\n\tGetHandleVerifier [0x01184A0C+2242396]\n\tGetHandleVerifier [0x00FE0E0B+523099]\n\tGetHandleVerifier [0x00FDFEB0+519168]\n\tOrdinal0 [0x00EF02FD+2097917]\n\tOrdinal0 [0x00DD4D5E+937310]\n\tOrdinal0 [0x00DD4872+936050]\n\tGetHandleVerifier [0x011A95BC+2392844]\n\tBaseThreadInitThunk [0x75F138F4+36]\n\tRtlUnicodeStringToInteger [0x771D5E13+595]\n\tRtlUnicodeStringToInteger [0x771D5DDE+542]\n}\nBuild info: version: '3.141.59', revision: 'e82be7d358', time: '2018-11-14T08:17:03'\nSystem info: host: 'LAPTOP-CQL946G0', ip: '192.168.0.6', os.name: 'Windows 10', os.arch: 'amd64', os.version: '10.0', java.version: '1.8.0_251'\nDriver info: driver.version: RemoteWebDriver\r\n\tat org.openqa.selenium.remote.RemoteWebDriver.findElement(RemoteWebDriver.java:333)\r\n\tat org.openqa.selenium.remote.RemoteWebDriver.findElementByCssSelector(RemoteWebDriver.java:420)\r\n\tat org.openqa.selenium.By$ByCssSelector.findElement(By.java:431)\r\n\tat org.openqa.selenium.remote.RemoteWebDriver.findElement(RemoteWebDriver.java:315)\r\n\tat org.openqa.selenium.support.pagefactory.DefaultElementLocator.findElement(DefaultElementLocator.java:69)\r\n\tat org.openqa.selenium.support.pagefactory.internal.LocatingElementHandler.invoke(LocatingElementHandler.java:38)\r\n\tat com.sun.proxy.$Proxy16.isDisplayed(Unknown Source)\r\n\tat org.openqa.selenium.support.ui.ExpectedConditions.elementIfVisible(ExpectedConditions.java:314)\r\n\tat org.openqa.selenium.support.ui.ExpectedConditions.access$000(ExpectedConditions.java:43)\r\n\tat org.openqa.selenium.support.ui.ExpectedConditions$10.apply(ExpectedConditions.java:300)\r\n\tat org.openqa.selenium.support.ui.ExpectedConditions$10.apply(ExpectedConditions.java:297)\r\n\tat org.openqa.selenium.support.ui.FluentWait.until(FluentWait.java:249)\r\n\tat util.PageUtils.waitUntilVisible(PageUtils.java:16)\r\n\tat pageObjects.LoginPage.getInvalidErrorMessage(LoginPage.java:81)\r\n\tat stepDefinitions.LoginSteps.verifyTheErrorMessageForThis(LoginSteps.java:99)\r\n\tat ✽.Verify the error message \"You are not authorized person\" for this \"invalid\"(file:///D:/Softwares/karimun/CerebrumInfotechSeasiaProject/src/test/resources/FeatureFiles/login.feature:15)\r\nCaused by: java.lang.ClassCastException: com.google.common.collect.Maps$TransformedEntriesMap cannot be cast to org.openqa.selenium.WebElement\r\n\tat org.openqa.selenium.remote.RemoteWebDriver.findElement(RemoteWebDriver.java:331)\r\n\tat org.openqa.selenium.remote.RemoteWebDriver.findElementByCssSelector(RemoteWebDriver.java:420)\r\n\tat org.openqa.selenium.By$ByCssSelector.findElement(By.java:431)\r\n\tat org.openqa.selenium.remote.RemoteWebDriver.findElement(RemoteWebDriver.java:315)\r\n\tat org.openqa.selenium.support.pagefactory.DefaultElementLocator.findElement(DefaultElementLocator.java:69)\r\n\tat org.openqa.selenium.support.pagefactory.internal.LocatingElementHandler.invoke(LocatingElementHandler.java:38)\r\n\tat com.sun.proxy.$Proxy16.isDisplayed(Unknown Source)\r\n\tat org.openqa.selenium.support.ui.ExpectedConditions.elementIfVisible(ExpectedConditions.java:314)\r\n\tat org.openqa.selenium.support.ui.ExpectedConditions.access$000(ExpectedConditions.java:43)\r\n\tat org.openqa.selenium.support.ui.ExpectedConditions$10.apply(ExpectedConditions.java:300)\r\n\tat org.openqa.selenium.support.ui.ExpectedConditions$10.apply(ExpectedConditions.java:297)\r\n\tat org.openqa.selenium.support.ui.FluentWait.until(FluentWait.java:249)\r\n\tat util.PageUtils.waitUntilVisible(PageUtils.java:16)\r\n\tat pageObjects.LoginPage.getInvalidErrorMessage(LoginPage.java:81)\r\n\tat stepDefinitions.LoginSteps.verifyTheErrorMessageForThis(LoginSteps.java:99)\r\n\tat sun.reflect.NativeMethodAccessorImpl.invoke0(Native Method)\r\n\tat sun.reflect.NativeMethodAccessorImpl.invoke(NativeMethodAccessorImpl.java:62)\r\n\tat sun.reflect.DelegatingMethodAccessorImpl.invoke(DelegatingMethodAccessorImpl.java:43)\r\n\tat java.lang.reflect.Method.invoke(Method.java:498)\r\n\tat io.cucumber.java.Invoker.doInvoke(Invoker.java:66)\r\n\tat io.cucumber.java.Invoker.invoke(Invoker.java:24)\r\n\tat io.cucumber.java.AbstractGlueDefinition.invokeMethod(AbstractGlueDefinition.java:47)\r\n\tat io.cucumber.java.JavaStepDefinition.execute(JavaStepDefinition.java:29)\r\n\tat io.cucumber.core.runner.CoreStepDefinition.execute(CoreStepDefinition.java:66)\r\n\tat io.cucumber.core.runner.PickleStepDefinitionMatch.runStep(PickleStepDefinitionMatch.java:63)\r\n\tat io.cucumber.core.runner.ExecutionMode$1.execute(ExecutionMode.java:10)\r\n\tat io.cucumber.core.runner.TestStep.executeStep(TestStep.java:92)\r\n\tat io.cucumber.core.runner.TestStep.run(TestStep.java:64)\r\n\tat io.cucumber.core.runner.PickleStepTestStep.run(PickleStepTestStep.java:51)\r\n\tat io.cucumber.core.runner.TestCase.run(TestCase.java:104)\r\n\tat io.cucumber.core.runner.Runner.runPickle(Runner.java:73)\r\n\tat io.cucumber.junit.PickleRunners$NoStepDescriptions.run(PickleRunners.java:151)\r\n\tat io.cucumber.junit.FeatureRunner.runChild(FeatureRunner.java:135)\r\n\tat io.cucumber.junit.FeatureRunner.runChild(FeatureRunner.java:27)\r\n\tat org.junit.runners.ParentRunner$4.run(ParentRunner.java:331)\r\n\tat org.junit.runners.ParentRunner$1.schedule(ParentRunner.java:79)\r\n\tat org.junit.runners.ParentRunner.runChildren(ParentRunner.java:329)\r\n\tat org.junit.runners.ParentRunner.access$100(ParentRunner.java:66)\r\n\tat org.junit.runners.ParentRunner$2.evaluate(ParentRunner.java:293)\r\n\tat org.junit.runners.ParentRunner$3.evaluate(ParentRunner.java:306)\r\n\tat org.junit.runners.ParentRunner.run(ParentRunner.java:413)\r\n\tat io.cucumber.junit.Cucumber.runChild(Cucumber.java:200)\r\n\tat io.cucumber.junit.Cucumber.runChild(Cucumber.java:90)\r\n\tat org.junit.runners.ParentRunner$4.run(ParentRunner.java:331)\r\n\tat org.junit.runners.ParentRunner$1.schedule(ParentRunner.java:79)\r\n\tat org.junit.runners.ParentRunner.runChildren(ParentRunner.java:329)\r\n\tat org.junit.runners.ParentRunner.access$100(ParentRunner.java:66)\r\n\tat org.junit.runners.ParentRunner$2.evaluate(ParentRunner.java:293)\r\n\tat io.cucumber.junit.Cucumber$RunCucumber.evaluate(Cucumber.java:235)\r\n\tat org.junit.runners.ParentRunner$3.evaluate(ParentRunner.java:306)\r\n\tat org.junit.runners.ParentRunner.run(ParentRunner.java:413)\r\n\tat org.junit.runner.JUnitCore.run(JUnitCore.java:137)\r\n\tat com.intellij.junit4.JUnit4IdeaTestRunner.startRunnerWithArgs(JUnit4IdeaTestRunner.java:68)\r\n\tat com.intellij.rt.junit.IdeaTestRunner$Repeater.startRunnerWithArgs(IdeaTestRunner.java:33)\r\n\tat com.intellij.rt.junit.JUnitStarter.prepareStreamsAndStart(JUnitStarter.java:230)\r\n\tat com.intellij.rt.junit.JUnitStarter.main(JUnitStarter.java:58)\r\n"},"stage":"finished","steps":[{"name":"Given  User is on login page","status":"passed","statusDetails":{"known":false,"muted":false,"flaky":false},"stage":"finished","steps":[],"attachments":[],"parameters":[],"start":1636347072314,"stop":1636347092838},{"name":"When  User fill username as \"wrong@yopmail.com\" and password as \"123456\" and click on login button","status":"passed","statusDetails":{"known":false,"muted":false,"flaky":false},"stage":"finished","steps":[],"attachments":[],"parameters":[],"start":1636347092839,"stop":1636347097775},{"name":"Then  Verify the error message \"You are not authorized person\" for this \"invalid\"","status":"broken","statusDetails":{"known":false,"muted":false,"flaky":false,"message":"Returned value cannot be converted to WebElement: {error=invalid session id, message=invalid session id, stacktrace=Backtrace:\n\tOrdinal0 [0x00F53AB3+2505395]\n\tOrdinal0 [0x00EEAE41+2076225]\n\tOrdinal0 [0x00DF2360+1057632]\n\tOrdinal0 [0x00E11ED0+1187536]\n\tOrdinal0 [0x00E35967+1333607]\n\tOrdinal0 [0x00E339FA+1325562]\n\tOrdinal0 [0x00E335BF+1324479]\n\tOrdinal0 [0x00DD4FCF+937935]\n\tOrdinal0 [0x00DD54E6+939238]\n\tOrdinal0 [0x00DD5811+940049]\n\tGetHandleVerifier [0x010DCB36+1554566]\n\tGetHandleVerifier [0x01184A0C+2242396]\n\tGetHandleVerifier [0x00FE0E0B+523099]\n\tGetHandleVerifier [0x00FDFEB0+519168]\n\tOrdinal0 [0x00EF02FD+2097917]\n\tOrdinal0 [0x00DD4D5E+937310]\n\tOrdinal0 [0x00DD4872+936050]\n\tGetHandleVerifier [0x011A95BC+2392844]\n\tBaseThreadInitThunk [0x75F138F4+36]\n\tRtlUnicodeStringToInteger [0x771D5E13+595]\n\tRtlUnicodeStringToInteger [0x771D5DDE+542]\n}\nBuild info: version: '3.141.59', revision: 'e82be7d358', time: '2018-11-14T08:17:03'\nSystem info: host: 'LAPTOP-CQL946G0', ip: '192.168.0.6', os.name: 'Windows 10', os.arch: 'amd64', os.version: '10.0', java.version: '1.8.0_251'\nDriver info: driver.version: RemoteWebDriver","trace":"org.openqa.selenium.WebDriverException: Returned value cannot be converted to WebElement: {error=invalid session id, message=invalid session id, stacktrace=Backtrace:\n\tOrdinal0 [0x00F53AB3+2505395]\n\tOrdinal0 [0x00EEAE41+2076225]\n\tOrdinal0 [0x00DF2360+1057632]\n\tOrdinal0 [0x00E11ED0+1187536]\n\tOrdinal0 [0x00E35967+1333607]\n\tOrdinal0 [0x00E339FA+1325562]\n\tOrdinal0 [0x00E335BF+1324479]\n\tOrdinal0 [0x00DD4FCF+937935]\n\tOrdinal0 [0x00DD54E6+939238]\n\tOrdinal0 [0x00DD5811+940049]\n\tGetHandleVerifier [0x010DCB36+1554566]\n\tGetHandleVerifier [0x01184A0C+2242396]\n\tGetHandleVerifier [0x00FE0E0B+523099]\n\tGetHandleVerifier [0x00FDFEB0+519168]\n\tOrdinal0 [0x00EF02FD+2097917]\n\tOrdinal0 [0x00DD4D5E+937310]\n\tOrdinal0 [0x00DD4872+936050]\n\tGetHandleVerifier [0x011A95BC+2392844]\n\tBaseThreadInitThunk [0x75F138F4+36]\n\tRtlUnicodeStringToInteger [0x771D5E13+595]\n\tRtlUnicodeStringToInteger [0x771D5DDE+542]\n}\nBuild info: version: '3.141.59', revision: 'e82be7d358', time: '2018-11-14T08:17:03'\nSystem info: host: 'LAPTOP-CQL946G0', ip: '192.168.0.6', os.name: 'Windows 10', os.arch: 'amd64', os.version: '10.0', java.version: '1.8.0_251'\nDriver info: driver.version: RemoteWebDriver\r\n\tat org.openqa.selenium.remote.RemoteWebDriver.findElement(RemoteWebDriver.java:333)\r\n\tat org.openqa.selenium.remote.RemoteWebDriver.findElementByCssSelector(RemoteWebDriver.java:420)\r\n\tat org.openqa.selenium.By$ByCssSelector.findElement(By.java:431)\r\n\tat org.openqa.selenium.remote.RemoteWebDriver.findElement(RemoteWebDriver.java:315)\r\n\tat org.openqa.selenium.support.pagefactory.DefaultElementLocator.findElement(DefaultElementLocator.java:69)\r\n\tat org.openqa.selenium.support.pagefactory.internal.LocatingElementHandler.invoke(LocatingElementHandler.java:38)\r\n\tat com.sun.proxy.$Proxy16.isDisplayed(Unknown Source)\r\n\tat org.openqa.selenium.support.ui.ExpectedConditions.elementIfVisible(ExpectedConditions.java:314)\r\n\tat org.openqa.selenium.support.ui.ExpectedConditions.access$000(ExpectedConditions.java:43)\r\n\tat org.openqa.selenium.support.ui.ExpectedConditions$10.apply(ExpectedConditions.java:300)\r\n\tat org.openqa.selenium.support.ui.ExpectedConditions$10.apply(ExpectedConditions.java:297)\r\n\tat org.openqa.selenium.support.ui.FluentWait.until(FluentWait.java:249)\r\n\tat util.PageUtils.waitUntilVisible(PageUtils.java:16)\r\n\tat pageObjects.LoginPage.getInvalidErrorMessage(LoginPage.java:81)\r\n\tat stepDefinitions.LoginSteps.verifyTheErrorMessageForThis(LoginSteps.java:99)\r\n\tat ✽.Verify the error message \"You are not authorized person\" for this \"invalid\"(file:///D:/Softwares/karimun/CerebrumInfotechSeasiaProject/src/test/resources/FeatureFiles/login.feature:15)\r\nCaused by: java.lang.ClassCastException: com.google.common.collect.Maps$TransformedEntriesMap cannot be cast to org.openqa.selenium.WebElement\r\n\tat org.openqa.selenium.remote.RemoteWebDriver.findElement(RemoteWebDriver.java:331)\r\n\tat org.openqa.selenium.remote.RemoteWebDriver.findElementByCssSelector(RemoteWebDriver.java:420)\r\n\tat org.openqa.selenium.By$ByCssSelector.findElement(By.java:431)\r\n\tat org.openqa.selenium.remote.RemoteWebDriver.findElement(RemoteWebDriver.java:315)\r\n\tat org.openqa.selenium.support.pagefactory.DefaultElementLocator.findElement(DefaultElementLocator.java:69)\r\n\tat org.openqa.selenium.support.pagefactory.internal.LocatingElementHandler.invoke(LocatingElementHandler.java:38)\r\n\tat com.sun.proxy.$Proxy16.isDisplayed(Unknown Source)\r\n\tat org.openqa.selenium.support.ui.ExpectedConditions.elementIfVisible(ExpectedConditions.java:314)\r\n\tat org.openqa.selenium.support.ui.ExpectedConditions.access$000(ExpectedConditions.java:43)\r\n\tat org.openqa.selenium.support.ui.ExpectedConditions$10.apply(ExpectedConditions.java:300)\r\n\tat org.openqa.selenium.support.ui.ExpectedConditions$10.apply(ExpectedConditions.java:297)\r\n\tat org.openqa.selenium.support.ui.FluentWait.until(FluentWait.java:249)\r\n\tat util.PageUtils.waitUntilVisible(PageUtils.java:16)\r\n\tat pageObjects.LoginPage.getInvalidErrorMessage(LoginPage.java:81)\r\n\tat stepDefinitions.LoginSteps.verifyTheErrorMessageForThis(LoginSteps.java:99)\r\n\tat sun.reflect.NativeMethodAccessorImpl.invoke0(Native Method)\r\n\tat sun.reflect.NativeMethodAccessorImpl.invoke(NativeMethodAccessorImpl.java:62)\r\n\tat sun.reflect.DelegatingMethodAccessorImpl.invoke(DelegatingMethodAccessorImpl.java:43)\r\n\tat java.lang.reflect.Method.invoke(Method.java:498)\r\n\tat io.cucumber.java.Invoker.doInvoke(Invoker.java:66)\r\n\tat io.cucumber.java.Invoker.invoke(Invoker.java:24)\r\n\tat io.cucumber.java.AbstractGlueDefinition.invokeMethod(AbstractGlueDefinition.java:47)\r\n\tat io.cucumber.java.JavaStepDefinition.execute(JavaStepDefinition.java:29)\r\n\tat io.cucumber.core.runner.CoreStepDefinition.execute(CoreStepDefinition.java:66)\r\n\tat io.cucumber.core.runner.PickleStepDefinitionMatch.runStep(PickleStepDefinitionMatch.java:63)\r\n\tat io.cucumber.core.runner.ExecutionMode$1.execute(ExecutionMode.java:10)\r\n\tat io.cucumber.core.runner.TestStep.executeStep(TestStep.java:92)\r\n\tat io.cucumber.core.runner.TestStep.run(TestStep.java:64)\r\n\tat io.cucumber.core.runner.PickleStepTestStep.run(PickleStepTestStep.java:51)\r\n\tat io.cucumber.core.runner.TestCase.run(TestCase.java:104)\r\n\tat io.cucumber.core.runner.Runner.runPickle(Runner.java:73)\r\n\tat io.cucumber.junit.PickleRunners$NoStepDescriptions.run(PickleRunners.java:151)\r\n\tat io.cucumber.junit.FeatureRunner.runChild(FeatureRunner.java:135)\r\n\tat io.cucumber.junit.FeatureRunner.runChild(FeatureRunner.java:27)\r\n\tat org.junit.runners.ParentRunner$4.run(ParentRunner.java:331)\r\n\tat org.junit.runners.ParentRunner$1.schedule(ParentRunner.java:79)\r\n\tat org.junit.runners.ParentRunner.runChildren(ParentRunner.java:329)\r\n\tat org.junit.runners.ParentRunner.access$100(ParentRunner.java:66)\r\n\tat org.junit.runners.ParentRunner$2.evaluate(ParentRunner.java:293)\r\n\tat org.junit.runners.ParentRunner$3.evaluate(ParentRunner.java:306)\r\n\tat org.junit.runners.ParentRunner.run(ParentRunner.java:413)\r\n\tat io.cucumber.junit.Cucumber.runChild(Cucumber.java:200)\r\n\tat io.cucumber.junit.Cucumber.runChild(Cucumber.java:90)\r\n\tat org.junit.runners.ParentRunner$4.run(ParentRunner.java:331)\r\n\tat org.junit.runners.ParentRunner$1.schedule(ParentRunner.java:79)\r\n\tat org.junit.runners.ParentRunner.runChildren(ParentRunner.java:329)\r\n\tat org.junit.runners.ParentRunner.access$100(ParentRunner.java:66)\r\n\tat org.junit.runners.ParentRunner$2.evaluate(ParentRunner.java:293)\r\n\tat io.cucumber.junit.Cucumber$RunCucumber.evaluate(Cucumber.java:235)\r\n\tat org.junit.runners.ParentRunner$3.evaluate(ParentRunner.java:306)\r\n\tat org.junit.runners.ParentRunner.run(ParentRunner.java:413)\r\n\tat org.junit.runner.JUnitCore.run(JUnitCore.java:137)\r\n\tat com.intellij.junit4.JUnit4IdeaTestRunner.startRunnerWithArgs(JUnit4IdeaTestRunner.java:68)\r\n\tat com.intellij.rt.junit.IdeaTestRunner$Repeater.startRunnerWithArgs(IdeaTestRunner.java:33)\r\n\tat com.intellij.rt.junit.JUnitStarter.prepareStreamsAndStart(JUnitStarter.java:230)\r\n\tat com.intellij.rt.junit.JUnitStarter.main(JUnitStarter.java:58)\r\n"},"stage":"finished","steps":[],"attachments":[],"parameters":[],"start":1636347097775,"stop":1636347098131}],"attachments":[],"parameters":[{"name":"test","value":"invalid"},{"name":"username","value":"wrong@yopmail.com"},{"name":"password","value":"123456"},{"name":"error_message","value":"You are not authorized person"}],"start":1636347072313,"stop":1636347098135}